[2021-12-11T17:16:09.746] [ERROR] file - Print error
[2021-12-11T17:17:07.952] [WARN] file - Print warn
[2021-12-11T17:17:07.953] [ERROR] file - Print error
[2021-12-11T17:17:26.037] [WARN] file - Print warn
[2021-12-11T17:17:26.038] [ERROR] file - Print error
[2021-12-11T17:17:47.515] [ERROR] file - Print error
[2021-12-11T17:18:07.223] [INFO] file - Print info
[2021-12-11T17:18:07.224] [WARN] file - Print warn
[2021-12-11T17:18:07.224] [ERROR] file - Print error
[2021-12-12T14:05:16.427] [WARN] file - Print warn
[2021-12-12T14:05:16.427] [ERROR] file - Print error
[2021-12-12T16:22:32.014] [ERROR] file - db not running
[2021-12-12T17:00:06.087] [WARN] file - [ '8081' ]
[2021-12-12T17:00:12.998] [WARN] file - [ '8081' ]
[2021-12-12T17:00:21.701] [WARN] file - [ '8081' ]
[2021-12-12T17:00:34.000] [WARN] file - 8081
[2021-12-12T17:00:42.864] [WARN] file - 8081
[2021-12-12T17:00:58.087] [WARN] file - 8081
[2021-12-12T17:01:25.346] [WARN] file - 8081
[2021-12-12T17:14:07.914] [WARN] file - 8443
[2021-12-12T17:15:22.619] [WARN] file - 8443
[2021-12-12T17:25:31.552] [WARN] file - 8081
[2021-12-12T17:26:08.035] [WARN] file - 8081
[2021-12-12T17:27:45.364] [WARN] file - 8081
[2021-12-12T17:29:28.531] [WARN] file - 8081
[2021-12-12T17:34:43.683] [WARN] file - 8081
